Determining if the pthread_create exist failed with the following output:
Change Dir: /home/strongheart/Projects/opengl-projects/particle-atraction-opengl/cmake-build-debug/CMakeFiles/CMakeTmp

Run Build Command:"/usr/bin/make" "cmTC_29c42/fast"
make[1]: Entering directory '/home/strongheart/Projects/opengl-projects/particle-atraction-opengl/cmake-build-debug/CMakeFiles/CMakeTmp'
/usr/bin/make -f CMakeFiles/cmTC_29c42.dir/build.make CMakeFiles/cmTC_29c42.dir/build
make[2]: Entering directory '/home/strongheart/Projects/opengl-projects/particle-atraction-opengl/cmake-build-debug/CMakeFiles/CMakeTmp'
Building C object CMakeFiles/cmTC_29c42.dir/CheckSymbolExists.c.o
/usr/bin/cc   -fPIC    -o CMakeFiles/cmTC_29c42.dir/CheckSymbolExists.c.o   -c /home/strongheart/Projects/opengl-projects/particle-atraction-opengl/cmake-build-debug/CMakeFiles/CMakeTmp/CheckSymbolExists.c
Linking C executable cmTC_29c42
/opt/clion/bin/cmake/bin/cmake -E cmake_link_script CMakeFiles/cmTC_29c42.dir/link.txt --verbose=1
/usr/bin/cc -fPIC     CMakeFiles/cmTC_29c42.dir/CheckSymbolExists.c.o  -o cmTC_29c42 
CMakeFiles/cmTC_29c42.dir/CheckSymbolExists.c.o: In function `main':
CheckSymbolExists.c:(.text+0x1b): undefined reference to `pthread_create'
collect2: error: ld returned 1 exit status
make[2]: *** [CMakeFiles/cmTC_29c42.dir/build.make:98: cmTC_29c42] Error 1
make[2]: Leaving directory '/home/strongheart/Projects/opengl-projects/particle-atraction-opengl/cmake-build-debug/CMakeFiles/CMakeTmp'
make[1]: *** [Makefile:126: cmTC_29c42/fast] Error 2
make[1]: Leaving directory '/home/strongheart/Projects/opengl-projects/particle-atraction-opengl/cmake-build-debug/CMakeFiles/CMakeTmp'

File /home/strongheart/Projects/opengl-projects/particle-atraction-opengl/cmake-build-debug/CMakeFiles/CMakeTmp/CheckSymbolExists.c:
/* */
#include <pthread.h>

int main(int argc, char** argv)
{
  (void)argv;
#ifndef pthread_create
  return ((int*)(&pthread_create))[argc];
#else
  (void)argc;
  return 0;
#endif
}

Determining if the function pthread_create exists in the pthreads failed with the following output:
Change Dir: /home/strongheart/Projects/opengl-projects/particle-atraction-opengl/cmake-build-debug/CMakeFiles/CMakeTmp

Run Build Command:"/usr/bin/make" "cmTC_eb0e2/fast"
make[1]: Entering directory '/home/strongheart/Projects/opengl-projects/particle-atraction-opengl/cmake-build-debug/CMakeFiles/CMakeTmp'
/usr/bin/make -f CMakeFiles/cmTC_eb0e2.dir/build.make CMakeFiles/cmTC_eb0e2.dir/build
make[2]: Entering directory '/home/strongheart/Projects/opengl-projects/particle-atraction-opengl/cmake-build-debug/CMakeFiles/CMakeTmp'
Building C object CMakeFiles/cmTC_eb0e2.dir/CheckFunctionExists.c.o
/usr/bin/cc   -fPIC -DCHECK_FUNCTION_EXISTS=pthread_create   -o CMakeFiles/cmTC_eb0e2.dir/CheckFunctionExists.c.o   -c /opt/clion/bin/cmake/share/cmake-3.10/Modules/CheckFunctionExists.c
Linking C executable cmTC_eb0e2
/opt/clion/bin/cmake/bin/cmake -E cmake_link_script CMakeFiles/cmTC_eb0e2.dir/link.txt --verbose=1
/usr/bin/cc -fPIC -DCHECK_FUNCTION_EXISTS=pthread_create    CMakeFiles/cmTC_eb0e2.dir/CheckFunctionExists.c.o  -o cmTC_eb0e2 -lpthreads 
/usr/bin/ld: cannot find -lpthreads
collect2: error: ld returned 1 exit status
make[2]: *** [CMakeFiles/cmTC_eb0e2.dir/build.make:98: cmTC_eb0e2] Error 1
make[2]: Leaving directory '/home/strongheart/Projects/opengl-projects/particle-atraction-opengl/cmake-build-debug/CMakeFiles/CMakeTmp'
make[1]: *** [Makefile:126: cmTC_eb0e2/fast] Error 2
make[1]: Leaving directory '/home/strongheart/Projects/opengl-projects/particle-atraction-opengl/cmake-build-debug/CMakeFiles/CMakeTmp'


